<?xml version="1.0" encoding="UTF-8"?>
<!-- Generated by org.testng.reporters.JUnitXMLReporter -->
<testsuite ignored="0" hostname="DESKTOP-T9GRIS5" failures="0" tests="6" name="Error validation Test" time="286.31" errors="0" timestamp="2025-02-27T18:12:21 IST">
  <testcase classname="airportTDD.flightBookingTDD.tests.ErrorMessageTest" name="User_selects_more_than_9_Passanger" time="25.127"/>
  <testcase classname="airportTDD.flightBookingTDD.tests.SearchFlightTest1" name="searchWithMulticity" time="31.735"/>
  <testcase classname="airportTDD.flightBookingTDD.tests.SearchFlightTest1" name="searchWithoneWay" time="18.286"/>
  <testcase classname="airportTDD.flightBookingTDD.tests.SearchFlightTest1" name="searchWithroundTrip" time="24.64"/>
  <testcase classname="airportTDD.flightBookingTDD.tests.TopSectionTest" name="searchWithMulticity" time="4.334"/>
  <testcase classname="airportTDD.flightBookingTDD.tests.BottomSectionTest" name="User_selects_more_than_9_Passanger" time="4.899"/>
</testsuite> <!-- Error validation Test -->
