<?xml version="1.0" encoding="UTF-8"?>
<testng-results ignored="0" total="6" passed="6" failed="0" skipped="0">
  <reporter-output>
  </reporter-output>
  <suite started-at="2025-02-28T13:57:52 IST" name="Suite" finished-at="2025-02-28T14:01:24 IST" duration-ms="212030">
    <groups>
    </groups>
    <test started-at="2025-02-28T13:57:52 IST" name="Error validation Test" finished-at="2025-02-28T14:01:24 IST" duration-ms="212030">
      <class name="airportTDD.flightBookingTDD.tests.TopSectionTest">
        <test-method is-config="true" signature="launchApp()[pri:0, instance:airportTDD.flightBookingTDD.tests.TopSectionTest@747ddf94]" started-at="2025-02-28T14:00:51 IST" name="launchApp" finished-at="2025-02-28T14:01:00 IST" duration-ms="8419" status="PASS">
          <reporter-output>
          </reporter-output>
        </test-method> <!-- launchApp -->
        <test-method signature="searchWithMulticity()[pri:0, instance:airportTDD.flightBookingTDD.tests.TopSectionTest@747ddf94]" started-at="2025-02-28T14:01:00 IST" name="searchWithMulticity" finished-at="2025-02-28T14:01:07 IST" duration-ms="7605" status="PASS">
          <reporter-output>
          </reporter-output>
        </test-method> <!-- searchWithMulticity -->
        <test-method is-config="true" signature="tearDown()[pri:0, instance:airportTDD.flightBookingTDD.tests.TopSectionTest@747ddf94]" started-at="2025-02-28T14:01:07 IST" name="tearDown" finished-at="2025-02-28T14:01:08 IST" duration-ms="631" status="PASS">
          <reporter-output>
          </reporter-output>
        </test-method> <!-- tearDown -->
      </class> <!-- airportTDD.flightBookingTDD.tests.TopSectionTest -->
      <class name="airportTDD.flightBookingTDD.tests.ErrorMessageTest">
        <test-method is-config="true" signature="launchApp()[pri:0, instance:airportTDD.flightBookingTDD.tests.ErrorMessageTest@38c6f217]" started-at="2025-02-28T13:57:55 IST" name="launchApp" finished-at="2025-02-28T13:58:23 IST" duration-ms="28459" status="PASS">
          <reporter-output>
          </reporter-output>
        </test-method> <!-- launchApp -->
        <test-method signature="User_selects_more_than_9_Passanger(java.lang.String,java.lang.String,java.lang.String,java.lang.String,java.lang.String,java.lang.String,java.lang.String,java.lang.String)[pri:0, instance:airportTDD.flightBookingTDD.tests.ErrorMessageTest@38c6f217]" started-at="2025-02-28T13:58:23 IST" name="User_selects_more_than_9_Passanger" data-provider="errorTestData" finished-at="2025-02-28T13:58:48 IST" duration-ms="25052" status="PASS">
          <params>
            <param index="0">
              <value>
                <![CDATA[multicity]]>
              </value>
            </param>
            <param index="1">
              <value>
                <![CDATA[BOM]]>
              </value>
            </param>
            <param index="2">
              <value>
                <![CDATA[DEL]]>
              </value>
            </param>
            <param index="3">
              <value>
                <![CDATA[June]]>
              </value>
            </param>
            <param index="4">
              <value>
                <![CDATA[11]]>
              </value>
            </param>
            <param index="5">
              <value>
                <![CDATA[6]]>
              </value>
            </param>
            <param index="6">
              <value>
                <![CDATA[4]]>
              </value>
            </param>
            <param index="7">
              <value>
                <![CDATA[You are allowed a maximum of 9 passengers per booking online. If your party is larger than this, please call our reservation center.]]>
              </value>
            </param>
          </params>
          <reporter-output>
          </reporter-output>
        </test-method> <!-- User_selects_more_than_9_Passanger -->
        <test-method is-config="true" signature="tearDown()[pri:0, instance:airportTDD.flightBookingTDD.tests.ErrorMessageTest@38c6f217]" started-at="2025-02-28T13:58:48 IST" name="tearDown" finished-at="2025-02-28T13:58:49 IST" duration-ms="1014" status="PASS">
          <reporter-output>
          </reporter-output>
        </test-method> <!-- tearDown -->
      </class> <!-- airportTDD.flightBookingTDD.tests.ErrorMessageTest -->
      <class name="airportTDD.flightBookingTDD.tests.BottomSectionTest">
        <test-method is-config="true" signature="launchApp()[pri:0, instance:airportTDD.flightBookingTDD.tests.BottomSectionTest@35e2d654]" started-at="2025-02-28T14:01:08 IST" name="launchApp" finished-at="2025-02-28T14:01:24 IST" duration-ms="15577" status="PASS">
          <reporter-output>
          </reporter-output>
        </test-method> <!-- launchApp -->
        <test-method signature="User_selects_more_than_9_Passanger()[pri:0, instance:airportTDD.flightBookingTDD.tests.BottomSectionTest@35e2d654]" started-at="2025-02-28T14:01:24 IST" name="User_selects_more_than_9_Passanger" finished-at="2025-02-28T14:01:24 IST" duration-ms="129" status="PASS">
          <reporter-output>
          </reporter-output>
        </test-method> <!-- User_selects_more_than_9_Passanger -->
        <test-method is-config="true" signature="tearDown()[pri:0, instance:airportTDD.flightBookingTDD.tests.BottomSectionTest@35e2d654]" started-at="2025-02-28T14:01:24 IST" name="tearDown" finished-at="2025-02-28T14:01:24 IST" duration-ms="470" status="PASS">
          <reporter-output>
          </reporter-output>
        </test-method> <!-- tearDown -->
      </class> <!-- airportTDD.flightBookingTDD.tests.BottomSectionTest -->
      <class name="airportTDD.flightBookingTDD.tests.SearchFlightTest1">
        <test-method is-config="true" signature="launchApp()[pri:0, instance:airportTDD.flightBookingTDD.tests.SearchFlightTest1@2f9f7dcf]" started-at="2025-02-28T13:58:49 IST" name="launchApp" finished-at="2025-02-28T13:59:07 IST" duration-ms="17327" status="PASS">
          <reporter-output>
          </reporter-output>
        </test-method> <!-- launchApp -->
        <test-method signature="searchWithMulticity(java.lang.String,java.lang.String,java.lang.String,java.lang.String,java.lang.String,java.lang.String,java.lang.String,java.lang.String)[pri:0, instance:airportTDD.flightBookingTDD.tests.SearchFlightTest1@2f9f7dcf]" started-at="2025-02-28T13:59:07 IST" name="searchWithMulticity" data-provider="MulitiCity" finished-at="2025-02-28T13:59:34 IST" duration-ms="27063" status="PASS">
          <params>
            <param index="0">
              <value>
                <![CDATA[BOM]]>
              </value>
            </param>
            <param index="1">
              <value>
                <![CDATA[DEL]]>
              </value>
            </param>
            <param index="2">
              <value>
                <![CDATA[May]]>
              </value>
            </param>
            <param index="3">
              <value>
                <![CDATA[25]]>
              </value>
            </param>
            <param index="4">
              <value>
                <![CDATA[6]]>
              </value>
            </param>
            <param index="5">
              <value>
                <![CDATA[3]]>
              </value>
            </param>
            <param index="6">
              <value>
                <![CDATA[4]]>
              </value>
            </param>
            <param index="7">
              <value>
                <![CDATA[USD]]>
              </value>
            </param>
          </params>
          <reporter-output>
          </reporter-output>
        </test-method> <!-- searchWithMulticity -->
        <test-method is-config="true" signature="tearDown()[pri:0, instance:airportTDD.flightBookingTDD.tests.SearchFlightTest1@2f9f7dcf]" started-at="2025-02-28T13:59:34 IST" name="tearDown" finished-at="2025-02-28T13:59:35 IST" duration-ms="1015" status="PASS">
          <reporter-output>
          </reporter-output>
        </test-method> <!-- tearDown -->
        <test-method is-config="true" signature="launchApp()[pri:0, instance:airportTDD.flightBookingTDD.tests.SearchFlightTest1@2f9f7dcf]" started-at="2025-02-28T13:59:35 IST" name="launchApp" finished-at="2025-02-28T13:59:49 IST" duration-ms="14262" status="PASS">
          <reporter-output>
          </reporter-output>
        </test-method> <!-- launchApp -->
        <test-method signature="searchWithoneWay(java.lang.String,java.lang.String,java.lang.String,java.lang.String,java.lang.String,java.lang.String,java.lang.String,java.lang.String)[pri:0, instance:airportTDD.flightBookingTDD.tests.SearchFlightTest1@2f9f7dcf]" started-at="2025-02-28T13:59:49 IST" name="searchWithoneWay" data-provider="OneWay" finished-at="2025-02-28T14:00:08 IST" duration-ms="19349" status="PASS">
          <params>
            <param index="0">
              <value>
                <![CDATA[GWL]]>
              </value>
            </param>
            <param index="1">
              <value>
                <![CDATA[PNQ]]>
              </value>
            </param>
            <param index="2">
              <value>
                <![CDATA[May]]>
              </value>
            </param>
            <param index="3">
              <value>
                <![CDATA[26]]>
              </value>
            </param>
            <param index="4">
              <value>
                <![CDATA[4]]>
              </value>
            </param>
            <param index="5">
              <value>
                <![CDATA[1]]>
              </value>
            </param>
            <param index="6">
              <value>
                <![CDATA[3]]>
              </value>
            </param>
            <param index="7">
              <value>
                <![CDATA[INR]]>
              </value>
            </param>
          </params>
          <reporter-output>
          </reporter-output>
        </test-method> <!-- searchWithoneWay -->
        <test-method is-config="true" signature="tearDown()[pri:0, instance:airportTDD.flightBookingTDD.tests.SearchFlightTest1@2f9f7dcf]" started-at="2025-02-28T14:00:08 IST" name="tearDown" finished-at="2025-02-28T14:00:09 IST" duration-ms="533" status="PASS">
          <reporter-output>
          </reporter-output>
        </test-method> <!-- tearDown -->
        <test-method is-config="true" signature="launchApp()[pri:0, instance:airportTDD.flightBookingTDD.tests.SearchFlightTest1@2f9f7dcf]" started-at="2025-02-28T14:00:09 IST" name="launchApp" finished-at="2025-02-28T14:00:25 IST" duration-ms="15767" status="PASS">
          <reporter-output>
          </reporter-output>
        </test-method> <!-- launchApp -->
        <test-method signature="searchWithroundTrip(java.lang.String,java.lang.String,java.lang.String,java.lang.String,java.lang.String,java.lang.String,java.lang.String,java.lang.String,java.lang.String,java.lang.String)[pri:0, instance:airportTDD.flightBookingTDD.tests.SearchFlightTest1@2f9f7dcf]" started-at="2025-02-28T14:00:25 IST" name="searchWithroundTrip" data-provider="RoundTrip" finished-at="2025-02-28T14:00:51 IST" duration-ms="26248" status="PASS">
          <params>
            <param index="0">
              <value>
                <![CDATA[GWL]]>
              </value>
            </param>
            <param index="1">
              <value>
                <![CDATA[PNQ]]>
              </value>
            </param>
            <param index="2">
              <value>
                <![CDATA[May]]>
              </value>
            </param>
            <param index="3">
              <value>
                <![CDATA[25]]>
              </value>
            </param>
            <param index="4">
              <value>
                <![CDATA[May]]>
              </value>
            </param>
            <param index="5">
              <value>
                <![CDATA[26]]>
              </value>
            </param>
            <param index="6">
              <value>
                <![CDATA[6]]>
              </value>
            </param>
            <param index="7">
              <value>
                <![CDATA[3]]>
              </value>
            </param>
            <param index="8">
              <value>
                <![CDATA[4]]>
              </value>
            </param>
            <param index="9">
              <value>
                <![CDATA[USD]]>
              </value>
            </param>
          </params>
          <reporter-output>
          </reporter-output>
        </test-method> <!-- searchWithroundTrip -->
        <test-method is-config="true" signature="tearDown()[pri:0, instance:airportTDD.flightBookingTDD.tests.SearchFlightTest1@2f9f7dcf]" started-at="2025-02-28T14:00:51 IST" name="tearDown" finished-at="2025-02-28T14:00:51 IST" duration-ms="347" status="PASS">
          <reporter-output>
          </reporter-output>
        </test-method> <!-- tearDown -->
      </class> <!-- airportTDD.flightBookingTDD.tests.SearchFlightTest1 -->
    </test> <!-- Error validation Test -->
  </suite> <!-- Suite -->
</testng-results>
