<?xml version="1.0" encoding="UTF-8"?>
<testng-results ignored="0" total="1" passed="1" failed="0" skipped="0">
  <reporter-output>
  </reporter-output>
  <suite started-at="2023-06-09T18:13:59 IST" name="Default suite" finished-at="2023-06-09T18:14:51 IST" duration-ms="52353">
    <groups>
    </groups>
    <test started-at="2023-06-09T18:13:59 IST" name="Default test" finished-at="2023-06-09T18:14:51 IST" duration-ms="52353">
      <class name="airportTDD.flightBookingTDD.tests.ErrorMessageTest">
        <test-method is-config="true" signature="launchApp()[pri:0, instance:airportTDD.flightBookingTDD.tests.ErrorMessageTest@4f0f2942]" started-at="2023-06-09T18:14:02 IST" name="launchApp" finished-at="2023-06-09T18:14:26 IST" duration-ms="24003" status="PASS">
          <reporter-output>
          </reporter-output>
        </test-method> <!-- launchApp -->
        <test-method signature="User_selects_more_than_9_Passanger(java.lang.String,java.lang.String,java.lang.String,java.lang.String,java.lang.String,java.lang.String,java.lang.String,java.lang.String)[pri:0, instance:airportTDD.flightBookingTDD.tests.ErrorMessageTest@4f0f2942]" started-at="2023-06-09T18:14:26 IST" name="User_selects_more_than_9_Passanger" data-provider="errorTestData" finished-at="2023-06-09T18:14:50 IST" duration-ms="24285" status="PASS">
          <params>
            <param index="0">
              <value>
                <![CDATA[multicity]]>
              </value>
            </param>
            <param index="1">
              <value>
                <![CDATA[BOM]]>
              </value>
            </param>
            <param index="2">
              <value>
                <![CDATA[DEL]]>
              </value>
            </param>
            <param index="3">
              <value>
                <![CDATA[June]]>
              </value>
            </param>
            <param index="4">
              <value>
                <![CDATA[11]]>
              </value>
            </param>
            <param index="5">
              <value>
                <![CDATA[6]]>
              </value>
            </param>
            <param index="6">
              <value>
                <![CDATA[4]]>
              </value>
            </param>
            <param index="7">
              <value>
                <![CDATA[You are allowed a maximum of 9 passengers per booking online. If your party is larger than this, please call our reservation center.]]>
              </value>
            </param>
          </params>
          <reporter-output>
          </reporter-output>
        </test-method> <!-- User_selects_more_than_9_Passanger -->
        <test-method is-config="true" signature="tearDown()[pri:0, instance:airportTDD.flightBookingTDD.tests.ErrorMessageTest@4f0f2942]" started-at="2023-06-09T18:14:50 IST" name="tearDown" finished-at="2023-06-09T18:14:51 IST" duration-ms="1133" status="PASS">
          <reporter-output>
          </reporter-output>
        </test-method> <!-- tearDown -->
      </class> <!-- airportTDD.flightBookingTDD.tests.ErrorMessageTest -->
    </test> <!-- Default test -->
  </suite> <!-- Default suite -->
</testng-results>
